[2026-04-11 19:01:10] production.ERROR: file_get_contents(D:\Telkom University\Materi Kuliah Semester 6\Proyek Perangkat Lunak\project_ppl-main\backend\.env): Failed to open stream: No such file or directory {"exception":"[object] (ErrorException(code: 0): file_get_contents(D:\\Telkom University\\Materi Kuliah Semester 6\\Proyek Perangkat Lunak\\project_ppl-main\\backend\\.env): Failed to open stream: No such file or directory at D:/Telkom University/Materi Kuliah Semester 6/Proyek Perangkat Lunak/project_ppl-main/backend/vendor/laravel/framework/src/Illuminate/Foundation/Console/KeyGenerateCommand.php:100)
[stacktrace]
#0 D:/Telkom University/Materi Kuliah Semester 6/Proyek Perangkat Lunak/project_ppl-main/backend/vendor/laravel/framework/src/Illuminate/Foundation/Bootstrap/HandleExceptions.php(258): Illuminate/Foundation/Bootstrap/HandleExceptions->handleError(2, 'file_get_conten...', 'D://Telkom Unive...', 100)
#1 [internal function]: Illuminate/Foundation/Bootstrap/HandleExceptions->Illuminate/Foundation/Bootstrap/{closure}(2, 'file_get_conten...', 'D://Telkom Unive...', 100)
#2 D:/Telkom University/Materi Kuliah Semester 6/Proyek Perangkat Lunak/project_ppl-main/backend/vendor/laravel/framework/src/Illuminate/Foundation/Console/KeyGenerateCommand.php(100): file_get_contents('D://Telkom Unive...')
#3 D:/Telkom University/Materi Kuliah Semester 6/Proyek Perangkat Lunak/project_ppl-main/backend/vendor/laravel/framework/src/Illuminate/Foundation/Console/KeyGenerateCommand.php(82): Illuminate/Foundation/Console/KeyGenerateCommand->writeNewEnvironmentFileWith('base64:1Oetvt0V...')
#4 D:/Telkom University/Materi Kuliah Semester 6/Proyek Perangkat Lunak/project_ppl-main/backend/vendor/laravel/framework/src/Illuminate/Foundation/Console/KeyGenerateCommand.php(47): Illuminate/Foundation/Console/KeyGenerateCommand->setKeyInEnvironmentFile('base64:1Oetvt0V...')
#5 D:/Telkom University/Materi Kuliah Semester 6/Proyek Perangkat Lunak/project_ppl-main/backend/vendor/laravel/framework/src/Illuminate/Container/BoundMethod.php(36): Illuminate/Foundation/Console/KeyGenerateCommand->handle()
#6 D:/Telkom University/Materi Kuliah Semester 6/Proyek Perangkat Lunak/project_ppl-main/backend/vendor/laravel/framework/src/Illuminate/Container/Util.php(43): Illuminate/Container/BoundMethod::Illuminate/Container/{closure}()
#7 D:/Telkom University/Materi Kuliah Semester 6/Proyek Perangkat Lunak/project_ppl-main/backend/vendor/laravel/framework/src/Illuminate/Container/BoundMethod.php(96): Illuminate/Container/Util::unwrapIfClosure(Object(Closure))
#8 D:/Telkom University/Materi Kuliah Semester 6/Proyek Perangkat Lunak/project_ppl-main/backend/vendor/laravel/framework/src/Illuminate/Container/BoundMethod.php(35): Illuminate/Container/BoundMethod::callBoundMethod(Object(Illuminate/Foundation/Application), Array, Object(Closure))
#9 D:/Telkom University/Materi Kuliah Semester 6/Proyek Perangkat Lunak/project_ppl-main/backend/vendor/laravel/framework/src/Illuminate/Container/Container.php(799): Illuminate/Container/BoundMethod::call(Object(Illuminate/Foundation/Application), Array, Array, NULL)
#10 D:/Telkom University/Materi Kuliah Semester 6/Proyek Perangkat Lunak/project_ppl-main/backend/vendor/laravel/framework/src/Illuminate/Console/Command.php(211): Illuminate/Container/Container->call(Array)
#11 D:/Telkom University/Materi Kuliah Semester 6/Proyek Perangkat Lunak/project_ppl-main/backend/vendor/symfony/console/Command/Command.php(341): Illuminate/Console/Command->execute(Object(Symfony/Component/Console/Input/ArgvInput), Object(Illuminate/Console/OutputStyle))
#12 D:/Telkom University/Materi Kuliah Semester 6/Proyek Perangkat Lunak/project_ppl-main/backend/vendor/laravel/framework/src/Illuminate/Console/Command.php(180): Symfony/Component/Console/Command/Command->run(Object(Symfony/Component/Console/Input/ArgvInput), Object(Illuminate/Console/OutputStyle))
#13 D:/Telkom University/Materi Kuliah Semester 6/Proyek Perangkat Lunak/project_ppl-main/backend/vendor/symfony/console/Application.php(1117): Illuminate/Console/Command->run(Object(Symfony/Component/Console/Input/ArgvInput), Object(Symfony/Component/Console/Output/ConsoleOutput))
#14 D:/Telkom University/Materi Kuliah Semester 6/Proyek Perangkat Lunak/project_ppl-main/backend/vendor/symfony/console/Application.php(356): Symfony/Component/Console/Application->doRunCommand(Object(Illuminate/Foundation/Console/KeyGenerateCommand), Object(Symfony/Component/Console/Input/ArgvInput), Object(Symfony/Component/Console/Output/ConsoleOutput))
#15 D:/Telkom University/Materi Kuliah Semester 6/Proyek Perangkat Lunak/project_ppl-main/backend/vendor/symfony/console/Application.php(195): Symfony/Component/Console/Application->doRun(Object(Symfony/Component/Console/Input/ArgvInput), Object(Symfony/Component/Console/Output/ConsoleOutput))
#16 D:/Telkom University/Materi Kuliah Semester 6/Proyek Perangkat Lunak/project_ppl-main/backend/vendor/laravel/framework/src/Illuminate/Foundation/Console/Kernel.php(198): Symfony/Component/Console/Application->run(Object(Symfony/Component/Console/Input/ArgvInput), Object(Symfony/Component/Console/Output/ConsoleOutput))
#17 D:/Telkom University/Materi Kuliah Semester 6/Proyek Perangkat Lunak/project_ppl-main/backend/vendor/laravel/framework/src/Illuminate/Foundation/Application.php(1235): Illuminate/Foundation/Console/Kernel->handle(Object(Symfony/Component/Console/Input/ArgvInput), Object(Symfony/Component/Console/Output/ConsoleOutput))
#18 D:/Telkom University/Materi Kuliah Semester 6/Proyek Perangkat Lunak/project_ppl-main/backend/artisan(16): Illuminate/Foundation/Application->handleCommand(Object(Symfony/Component/Console/Input/ArgvInput))
#19 {main}
"} 
[2026-04-11 19:01:13] production.ERROR: file_get_contents(D:\Telkom University\Materi Kuliah Semester 6\Proyek Perangkat Lunak\project_ppl-main\backend\.env): Failed to open stream: No such file or directory {"exception":"[object] (ErrorException(code: 0): file_get_contents(D:\\Telkom University\\Materi Kuliah Semester 6\\Proyek Perangkat Lunak\\project_ppl-main\\backend\\.env): Failed to open stream: No such file or directory at D:/Telkom University/Materi Kuliah Semester 6/Proyek Perangkat Lunak/project_ppl-main/backend/vendor/laravel/framework/src/Illuminate/Foundation/Console/KeyGenerateCommand.php:100)
[stacktrace]
#0 D:/Telkom University/Materi Kuliah Semester 6/Proyek Perangkat Lunak/project_ppl-main/backend/vendor/laravel/framework/src/Illuminate/Foundation/Bootstrap/HandleExceptions.php(258): Illuminate/Foundation/Bootstrap/HandleExceptions->handleError(2, 'file_get_conten...', 'D://Telkom Unive...', 100)
#1 [internal function]: Illuminate/Foundation/Bootstrap/HandleExceptions->Illuminate/Foundation/Bootstrap/{closure}(2, 'file_get_conten...', 'D://Telkom Unive...', 100)
#2 D:/Telkom University/Materi Kuliah Semester 6/Proyek Perangkat Lunak/project_ppl-main/backend/vendor/laravel/framework/src/Illuminate/Foundation/Console/KeyGenerateCommand.php(100): file_get_contents('D://Telkom Unive...')
#3 D:/Telkom University/Materi Kuliah Semester 6/Proyek Perangkat Lunak/project_ppl-main/backend/vendor/laravel/framework/src/Illuminate/Foundation/Console/KeyGenerateCommand.php(82): Illuminate/Foundation/Console/KeyGenerateCommand->writeNewEnvironmentFileWith('base64:nto/UL8Y...')
#4 D:/Telkom University/Materi Kuliah Semester 6/Proyek Perangkat Lunak/project_ppl-main/backend/vendor/laravel/framework/src/Illuminate/Foundation/Console/KeyGenerateCommand.php(47): Illuminate/Foundation/Console/KeyGenerateCommand->setKeyInEnvironmentFile('base64:nto/UL8Y...')
#5 D:/Telkom University/Materi Kuliah Semester 6/Proyek Perangkat Lunak/project_ppl-main/backend/vendor/laravel/framework/src/Illuminate/Container/BoundMethod.php(36): Illuminate/Foundation/Console/KeyGenerateCommand->handle()
#6 D:/Telkom University/Materi Kuliah Semester 6/Proyek Perangkat Lunak/project_ppl-main/backend/vendor/laravel/framework/src/Illuminate/Container/Util.php(43): Illuminate/Container/BoundMethod::Illuminate/Container/{closure}()
#7 D:/Telkom University/Materi Kuliah Semester 6/Proyek Perangkat Lunak/project_ppl-main/backend/vendor/laravel/framework/src/Illuminate/Container/BoundMethod.php(96): Illuminate/Container/Util::unwrapIfClosure(Object(Closure))
#8 D:/Telkom University/Materi Kuliah Semester 6/Proyek Perangkat Lunak/project_ppl-main/backend/vendor/laravel/framework/src/Illuminate/Container/BoundMethod.php(35): Illuminate/Container/BoundMethod::callBoundMethod(Object(Illuminate/Foundation/Application), Array, Object(Closure))
#9 D:/Telkom University/Materi Kuliah Semester 6/Proyek Perangkat Lunak/project_ppl-main/backend/vendor/laravel/framework/src/Illuminate/Container/Container.php(799): Illuminate/Container/BoundMethod::call(Object(Illuminate/Foundation/Application), Array, Array, NULL)
#10 D:/Telkom University/Materi Kuliah Semester 6/Proyek Perangkat Lunak/project_ppl-main/backend/vendor/laravel/framework/src/Illuminate/Console/Command.php(211): Illuminate/Container/Container->call(Array)
#11 D:/Telkom University/Materi Kuliah Semester 6/Proyek Perangkat Lunak/project_ppl-main/backend/vendor/symfony/console/Command/Command.php(341): Illuminate/Console/Command->execute(Object(Symfony/Component/Console/Input/ArgvInput), Object(Illuminate/Console/OutputStyle))
#12 D:/Telkom University/Materi Kuliah Semester 6/Proyek Perangkat Lunak/project_ppl-main/backend/vendor/laravel/framework/src/Illuminate/Console/Command.php(180): Symfony/Component/Console/Command/Command->run(Object(Symfony/Component/Console/Input/ArgvInput), Object(Illuminate/Console/OutputStyle))
#13 D:/Telkom University/Materi Kuliah Semester 6/Proyek Perangkat Lunak/project_ppl-main/backend/vendor/symfony/console/Application.php(1117): Illuminate/Console/Command->run(Object(Symfony/Component/Console/Input/ArgvInput), Object(Symfony/Component/Console/Output/ConsoleOutput))
#14 D:/Telkom University/Materi Kuliah Semester 6/Proyek Perangkat Lunak/project_ppl-main/backend/vendor/symfony/console/Application.php(356): Symfony/Component/Console/Application->doRunCommand(Object(Illuminate/Foundation/Console/KeyGenerateCommand), Object(Symfony/Component/Console/Input/ArgvInput), Object(Symfony/Component/Console/Output/ConsoleOutput))
#15 D:/Telkom University/Materi Kuliah Semester 6/Proyek Perangkat Lunak/project_ppl-main/backend/vendor/symfony/console/Application.php(195): Symfony/Component/Console/Application->doRun(Object(Symfony/Component/Console/Input/ArgvInput), Object(Symfony/Component/Console/Output/ConsoleOutput))
#16 D:/Telkom University/Materi Kuliah Semester 6/Proyek Perangkat Lunak/project_ppl-main/backend/vendor/laravel/framework/src/Illuminate/Foundation/Console/Kernel.php(198): Symfony/Component/Console/Application->run(Object(Symfony/Component/Console/Input/ArgvInput), Object(Symfony/Component/Console/Output/ConsoleOutput))
#17 D:/Telkom University/Materi Kuliah Semester 6/Proyek Perangkat Lunak/project_ppl-main/backend/vendor/laravel/framework/src/Illuminate/Foundation/Application.php(1235): Illuminate/Foundation/Console/Kernel->handle(Object(Symfony/Component/Console/Input/ArgvInput), Object(Symfony/Component/Console/Output/ConsoleOutput))
#18 D:/Telkom University/Materi Kuliah Semester 6/Proyek Perangkat Lunak/project_ppl-main/backend/artisan(16): Illuminate/Foundation/Application->handleCommand(Object(Symfony/Component/Console/Input/ArgvInput))
#19 {main}
"} 
[2026-04-11 19:01:39] production.ERROR: file_get_contents(D:\Telkom University\Materi Kuliah Semester 6\Proyek Perangkat Lunak\project_ppl-main\backend\.env): Failed to open stream: No such file or directory {"exception":"[object] (ErrorException(code: 0): file_get_contents(D:\\Telkom University\\Materi Kuliah Semester 6\\Proyek Perangkat Lunak\\project_ppl-main\\backend\\.env): Failed to open stream: No such file or directory at D:/Telkom University/Materi Kuliah Semester 6/Proyek Perangkat Lunak/project_ppl-main/backend/vendor/laravel/framework/src/Illuminate/Foundation/Console/KeyGenerateCommand.php:100)
[stacktrace]
#0 D:/Telkom University/Materi Kuliah Semester 6/Proyek Perangkat Lunak/project_ppl-main/backend/vendor/laravel/framework/src/Illuminate/Foundation/Bootstrap/HandleExceptions.php(258): Illuminate/Foundation/Bootstrap/HandleExceptions->handleError(2, 'file_get_conten...', 'D://Telkom Unive...', 100)
#1 [internal function]: Illuminate/Foundation/Bootstrap/HandleExceptions->Illuminate/Foundation/Bootstrap/{closure}(2, 'file_get_conten...', 'D://Telkom Unive...', 100)
#2 D:/Telkom University/Materi Kuliah Semester 6/Proyek Perangkat Lunak/project_ppl-main/backend/vendor/laravel/framework/src/Illuminate/Foundation/Console/KeyGenerateCommand.php(100): file_get_contents('D://Telkom Unive...')
#3 D:/Telkom University/Materi Kuliah Semester 6/Proyek Perangkat Lunak/project_ppl-main/backend/vendor/laravel/framework/src/Illuminate/Foundation/Console/KeyGenerateCommand.php(82): Illuminate/Foundation/Console/KeyGenerateCommand->writeNewEnvironmentFileWith('base64:n4lLFU1I...')
#4 D:/Telkom University/Materi Kuliah Semester 6/Proyek Perangkat Lunak/project_ppl-main/backend/vendor/laravel/framework/src/Illuminate/Foundation/Console/KeyGenerateCommand.php(47): Illuminate/Foundation/Console/KeyGenerateCommand->setKeyInEnvironmentFile('base64:n4lLFU1I...')
#5 D:/Telkom University/Materi Kuliah Semester 6/Proyek Perangkat Lunak/project_ppl-main/backend/vendor/laravel/framework/src/Illuminate/Container/BoundMethod.php(36): Illuminate/Foundation/Console/KeyGenerateCommand->handle()
#6 D:/Telkom University/Materi Kuliah Semester 6/Proyek Perangkat Lunak/project_ppl-main/backend/vendor/laravel/framework/src/Illuminate/Container/Util.php(43): Illuminate/Container/BoundMethod::Illuminate/Container/{closure}()
#7 D:/Telkom University/Materi Kuliah Semester 6/Proyek Perangkat Lunak/project_ppl-main/backend/vendor/laravel/framework/src/Illuminate/Container/BoundMethod.php(96): Illuminate/Container/Util::unwrapIfClosure(Object(Closure))
#8 D:/Telkom University/Materi Kuliah Semester 6/Proyek Perangkat Lunak/project_ppl-main/backend/vendor/laravel/framework/src/Illuminate/Container/BoundMethod.php(35): Illuminate/Container/BoundMethod::callBoundMethod(Object(Illuminate/Foundation/Application), Array, Object(Closure))
#9 D:/Telkom University/Materi Kuliah Semester 6/Proyek Perangkat Lunak/project_ppl-main/backend/vendor/laravel/framework/src/Illuminate/Container/Container.php(799): Illuminate/Container/BoundMethod::call(Object(Illuminate/Foundation/Application), Array, Array, NULL)
#10 D:/Telkom University/Materi Kuliah Semester 6/Proyek Perangkat Lunak/project_ppl-main/backend/vendor/laravel/framework/src/Illuminate/Console/Command.php(211): Illuminate/Container/Container->call(Array)
#11 D:/Telkom University/Materi Kuliah Semester 6/Proyek Perangkat Lunak/project_ppl-main/backend/vendor/symfony/console/Command/Command.php(341): Illuminate/Console/Command->execute(Object(Symfony/Component/Console/Input/ArgvInput), Object(Illuminate/Console/OutputStyle))
#12 D:/Telkom University/Materi Kuliah Semester 6/Proyek Perangkat Lunak/project_ppl-main/backend/vendor/laravel/framework/src/Illuminate/Console/Command.php(180): Symfony/Component/Console/Command/Command->run(Object(Symfony/Component/Console/Input/ArgvInput), Object(Illuminate/Console/OutputStyle))
#13 D:/Telkom University/Materi Kuliah Semester 6/Proyek Perangkat Lunak/project_ppl-main/backend/vendor/symfony/console/Application.php(1117): Illuminate/Console/Command->run(Object(Symfony/Component/Console/Input/ArgvInput), Object(Symfony/Component/Console/Output/ConsoleOutput))
#14 D:/Telkom University/Materi Kuliah Semester 6/Proyek Perangkat Lunak/project_ppl-main/backend/vendor/symfony/console/Application.php(356): Symfony/Component/Console/Application->doRunCommand(Object(Illuminate/Foundation/Console/KeyGenerateCommand), Object(Symfony/Component/Console/Input/ArgvInput), Object(Symfony/Component/Console/Output/ConsoleOutput))
#15 D:/Telkom University/Materi Kuliah Semester 6/Proyek Perangkat Lunak/project_ppl-main/backend/vendor/symfony/console/Application.php(195): Symfony/Component/Console/Application->doRun(Object(Symfony/Component/Console/Input/ArgvInput), Object(Symfony/Component/Console/Output/ConsoleOutput))
#16 D:/Telkom University/Materi Kuliah Semester 6/Proyek Perangkat Lunak/project_ppl-main/backend/vendor/laravel/framework/src/Illuminate/Foundation/Console/Kernel.php(198): Symfony/Component/Console/Application->run(Object(Symfony/Component/Console/Input/ArgvInput), Object(Symfony/Component/Console/Output/ConsoleOutput))
#17 D:/Telkom University/Materi Kuliah Semester 6/Proyek Perangkat Lunak/project_ppl-main/backend/vendor/laravel/framework/src/Illuminate/Foundation/Application.php(1235): Illuminate/Foundation/Console/Kernel->handle(Object(Symfony/Component/Console/Input/ArgvInput), Object(Symfony/Component/Console/Output/ConsoleOutput))
#18 D:/Telkom University/Materi Kuliah Semester 6/Proyek Perangkat Lunak/project_ppl-main/backend/artisan(16): Illuminate/Foundation/Application->handleCommand(Object(Symfony/Component/Console/Input/ArgvInput))
#19 {main}
"} 
